{
  "uid" : "8e090834122b1a53",
  "name" : "test_cart[chromium]",
  "fullName" : "tests.ui.test_cart#test_cart",
  "historyId" : "efb49118fa5f13d4c56965976122209c",
  "time" : {
    "start" : 1615230049600,
    "stop" : 1615230053373,
    "duration" : 3773
  },
  "status" : "failed",
  "statusMessage" : "AssertionError: Wrong item info: '('Printed Dress', '$26.00')'\nassert ('Printed Dressd', '$26.00') == ('Printed Dress', '$26.00')\n  At index 0 diff: 'Printed Dressd' != 'Printed Dress'\n  Use -v to get the full diff",
  "statusTrace" : "page = <playwright.sync_api._generated.Page object at 0x7fd148dced90>\n\n    @allure.feature('Cart functionality tests')\n    @allure.story('Added item info')\n    def test_cart(page: Page):\n        home_page = HomePage(page)\n        home_page.open_main_page()\n        home_page.add_thing_to_cart_by_name(\"Printed Dress\")\n        home_page.close_confirmation_modal()\n        home_page.expand_cart()\n        data = home_page.return_purchase_data()\n    \n>       assert (\"Printed Dressd\", \"$26.00\") == data, f\"Wrong item info: '{data}'\"\nE       AssertionError: Wrong item info: '('Printed Dress', '$26.00')'\nE       assert ('Printed Dressd', '$26.00') == ('Printed Dress', '$26.00')\nE         At index 0 diff: 'Printed Dressd' != 'Printed Dress'\nE         Use -v to get the full diff\n\ntests/ui/test_cart.py:28: AssertionError",
  "flaky" : false,
  "newFailed" : false,
  "beforeStages" : [ {
    "name" : "browser",
    "time" : {
      "start" : 1615230042217,
      "stop" : 1615230042504,
      "duration" : 287
    },
    "status" : "passed",
    "steps" : [ ],
    "attachments" : [ ],
    "parameters" : [ ],
    "stepsCount" : 0,
    "attachmentsCount" : 0,
    "shouldDisplayMessage" : false,
    "hasContent" : false
  }, {
    "name" : "playwright",
    "time" : {
      "start" : 1615230041942,
      "stop" : 1615230042215,
      "duration" : 273
    },
    "status" : "passed",
    "steps" : [ ],
    "attachments" : [ ],
    "parameters" : [ ],
    "stepsCount" : 0,
    "attachmentsCount" : 0,
    "shouldDisplayMessage" : false,
    "hasContent" : false
  }, {
    "name" : "base_url",
    "time" : {
      "start" : 1615230039390,
      "stop" : 1615230039390,
      "duration" : 0
    },
    "status" : "passed",
    "steps" : [ ],
    "attachments" : [ ],
    "parameters" : [ ],
    "stepsCount" : 0,
    "attachmentsCount" : 0,
    "shouldDisplayMessage" : false,
    "hasContent" : false
  }, {
    "name" : "pytestconfig",
    "time" : {
      "start" : 1615230041942,
      "stop" : 1615230041942,
      "duration" : 0
    },
    "status" : "passed",
    "steps" : [ ],
    "attachments" : [ ],
    "parameters" : [ ],
    "stepsCount" : 0,
    "attachmentsCount" : 0,
    "shouldDisplayMessage" : false,
    "hasContent" : false
  }, {
    "name" : "browser_type_launch_args",
    "time" : {
      "start" : 1615230042216,
      "stop" : 1615230042216,
      "duration" : 0
    },
    "status" : "passed",
    "steps" : [ ],
    "attachments" : [ ],
    "parameters" : [ ],
    "stepsCount" : 0,
    "attachmentsCount" : 0,
    "shouldDisplayMessage" : false,
    "hasContent" : false
  }, {
    "name" : "launch_browser",
    "time" : {
      "start" : 1615230042216,
      "stop" : 1615230042217,
      "duration" : 1
    },
    "status" : "passed",
    "steps" : [ ],
    "attachments" : [ ],
    "parameters" : [ ],
    "stepsCount" : 0,
    "attachmentsCount" : 0,
    "shouldDisplayMessage" : false,
    "hasContent" : false
  }, {
    "name" : "browser_name",
    "time" : {
      "start" : 1615230042216,
      "stop" : 1615230042216,
      "duration" : 0
    },
    "status" : "passed",
    "steps" : [ ],
    "attachments" : [ ],
    "parameters" : [ ],
    "stepsCount" : 0,
    "attachmentsCount" : 0,
    "shouldDisplayMessage" : false,
    "hasContent" : false
  }, {
    "name" : "context",
    "time" : {
      "start" : 1615230049548,
      "stop" : 1615230049552,
      "duration" : 4
    },
    "status" : "passed",
    "steps" : [ ],
    "attachments" : [ ],
    "parameters" : [ ],
    "stepsCount" : 0,
    "attachmentsCount" : 0,
    "shouldDisplayMessage" : false,
    "hasContent" : false
  }, {
    "name" : "_verify_url",
    "time" : {
      "start" : 1615230039390,
      "stop" : 1615230039390,
      "duration" : 0
    },
    "status" : "passed",
    "steps" : [ ],
    "attachments" : [ ],
    "parameters" : [ ],
    "stepsCount" : 0,
    "attachmentsCount" : 0,
    "shouldDisplayMessage" : false,
    "hasContent" : false
  }, {
    "name" : "browser_context_args",
    "time" : {
      "start" : 1615230042505,
      "stop" : 1615230042505,
      "duration" : 0
    },
    "status" : "passed",
    "steps" : [ ],
    "attachments" : [ ],
    "parameters" : [ ],
    "stepsCount" : 0,
    "attachmentsCount" : 0,
    "shouldDisplayMessage" : false,
    "hasContent" : false
  }, {
    "name" : "page",
    "time" : {
      "start" : 1615230049552,
      "stop" : 1615230049599,
      "duration" : 47
    },
    "status" : "passed",
    "steps" : [ ],
    "attachments" : [ ],
    "parameters" : [ ],
    "stepsCount" : 0,
    "attachmentsCount" : 0,
    "shouldDisplayMessage" : false,
    "hasContent" : false
  } ],
  "testStage" : {
    "status" : "failed",
    "statusMessage" : "AssertionError: Wrong item info: '('Printed Dress', '$26.00')'\nassert ('Printed Dressd', '$26.00') == ('Printed Dress', '$26.00')\n  At index 0 diff: 'Printed Dressd' != 'Printed Dress'\n  Use -v to get the full diff",
    "statusTrace" : "page = <playwright.sync_api._generated.Page object at 0x7fd148dced90>\n\n    @allure.feature('Cart functionality tests')\n    @allure.story('Added item info')\n    def test_cart(page: Page):\n        home_page = HomePage(page)\n        home_page.open_main_page()\n        home_page.add_thing_to_cart_by_name(\"Printed Dress\")\n        home_page.close_confirmation_modal()\n        home_page.expand_cart()\n        data = home_page.return_purchase_data()\n    \n>       assert (\"Printed Dressd\", \"$26.00\") == data, f\"Wrong item info: '{data}'\"\nE       AssertionError: Wrong item info: '('Printed Dress', '$26.00')'\nE       assert ('Printed Dressd', '$26.00') == ('Printed Dress', '$26.00')\nE         At index 0 diff: 'Printed Dressd' != 'Printed Dress'\nE         Use -v to get the full diff\n\ntests/ui/test_cart.py:28: AssertionError",
    "steps" : [ ],
    "attachments" : [ {
      "uid" : "6aa1ec4a49e4e9a3",
      "name" : "01c90882-476e-410d-bc55-3755bf776ff8-attachment.png",
      "source" : "6aa1ec4a49e4e9a3.png",
      "type" : "image/png",
      "size" : 1077256
    }, {
      "uid" : "3568360d79c3d8ab",
      "name" : "log",
      "source" : "3568360d79c3d8ab.txt",
      "type" : "text/plain",
      "size" : 461
    } ],
    "parameters" : [ ],
    "stepsCount" : 0,
    "attachmentsCount" : 2,
    "shouldDisplayMessage" : true,
    "hasContent" : true
  },
  "afterStages" : [ {
    "name" : "browser::0",
    "time" : {
      "start" : 1615230073675,
      "stop" : 1615230073704,
      "duration" : 29
    },
    "status" : "passed",
    "steps" : [ ],
    "attachments" : [ ],
    "parameters" : [ ],
    "stepsCount" : 0,
    "attachmentsCount" : 0,
    "shouldDisplayMessage" : false,
    "hasContent" : false
  }, {
    "name" : "playwright::0",
    "time" : {
      "start" : 1615230073707,
      "stop" : 1615230073718,
      "duration" : 11
    },
    "status" : "passed",
    "steps" : [ ],
    "attachments" : [ ],
    "parameters" : [ ],
    "stepsCount" : 0,
    "attachmentsCount" : 0,
    "shouldDisplayMessage" : false,
    "hasContent" : false
  }, {
    "name" : "context::0",
    "time" : {
      "start" : 1615230053978,
      "stop" : 1615230053990,
      "duration" : 12
    },
    "status" : "passed",
    "steps" : [ ],
    "attachments" : [ ],
    "parameters" : [ ],
    "stepsCount" : 0,
    "attachmentsCount" : 0,
    "shouldDisplayMessage" : false,
    "hasContent" : false
  }, {
    "name" : "page::0",
    "time" : {
      "start" : 1615230053970,
      "stop" : 1615230053977,
      "duration" : 7
    },
    "status" : "passed",
    "steps" : [ ],
    "attachments" : [ ],
    "parameters" : [ ],
    "stepsCount" : 0,
    "attachmentsCount" : 0,
    "shouldDisplayMessage" : false,
    "hasContent" : false
  } ],
  "labels" : [ {
    "name" : "story",
    "value" : "Added item info"
  }, {
    "name" : "feature",
    "value" : "Cart functionality tests"
  }, {
    "name" : "parentSuite",
    "value" : "tests.ui"
  }, {
    "name" : "suite",
    "value" : "test_cart"
  }, {
    "name" : "host",
    "value" : "fv-az121-31"
  }, {
    "name" : "thread",
    "value" : "3067-MainThread"
  }, {
    "name" : "framework",
    "value" : "pytest"
  }, {
    "name" : "language",
    "value" : "cpython3"
  }, {
    "name" : "package",
    "value" : "tests.ui.test_cart"
  }, {
    "name" : "resultFormat",
    "value" : "allure2"
  } ],
  "parameters" : [ {
    "name" : "browser_name",
    "value" : "'chromium'"
  } ],
  "links" : [ ],
  "hidden" : false,
  "retry" : false,
  "extra" : {
    "severity" : "normal",
    "retries" : [ ],
    "categories" : [ {
      "name" : "Product defects",
      "matchedStatuses" : [ ],
      "flaky" : false
    } ],
    "tags" : [ ]
  },
  "source" : "8e090834122b1a53.json",
  "parameterValues" : [ "'chromium'" ]
}